#
# There is insufficient memory for the Java Runtime Environment to continue.
# Native memory allocation (mmap) failed to map 266338304 bytes for G1 virtual space
# Possible reasons:
#   The system is out of physical RAM or swap space
#   The process is running with CompressedOops enabled, and the Java Heap may be blocking the growth of the native heap
# Possible solutions:
#   Reduce memory load on the system
#   Increase physical memory or swap space
#   Check if swap backing store is full
#   Decrease Java heap size (-Xmx/-Xms)
#   Decrease number of Java threads
#   Decrease Java thread stack sizes (-Xss)
#   Set larger code cache with -XX:ReservedCodeCacheSize=
#   JVM is running with Zero Based Compressed Oops mode in which the Java heap is
#     placed in the first 32GB address space. The Java Heap base address is the
#     maximum limit for the native heap growth. Please use -XX:HeapBaseMinAddress
#     to set the Java Heap base and to place the Java Heap above 32GB virtual address.
# This output file may be truncated or incomplete.
#
#  Out of Memory Error (os_windows.cpp:3550), pid=12784, tid=11812
#
# JRE version:  (17.0.7+8) (build )
# Java VM: Java HotSpot(TM) 64-Bit Server VM (17.0.7+8-LTS-224, mixed mode, emulated-client, sharing, tiered, compressed oops, compressed class ptrs, g1 gc, windows-amd64)
# No core dump will be written. Minidumps are not enabled by default on client versions of Windows
#

---------------  S U M M A R Y ------------

Command Line: -XX:TieredStopAtLevel=1 -Xverify:none -Dspring.output.ansi.enabled=always -javaagent:C:\Program Files\JetBrains\IntelliJ IDEA 2020.3.4\lib\idea_rt.jar=51907:C:\Program Files\JetBrains\IntelliJ IDEA 2020.3.4\bin -Dcom.sun.management.jmxremote -Dspring.jmx.enabled=true -Dspring.liveBeansView.mbeanDomain -Dspring.application.admin.enabled=true -Dfile.encoding=UTF-8 com.example.books_service.BooksServiceApplication

Host: Intel(R) Core(TM) i5-7200U CPU @ 2.50GHz, 4 cores, 15G,  Windows 10 , 64 bit Build 19041 (10.0.19041.3393)
Time: Sat Nov 16 21:06:57 2024 SE Asia Standard Time elapsed time: 0.062349 seconds (0d 0h 0m 0s)

---------------  T H R E A D  ---------------

Current thread (0x0000018b2ac97d60):  JavaThread "Unknown thread" [_thread_in_vm, id=11812, stack(0x0000000cea200000,0x0000000cea300000)]

Stack: [0x0000000cea200000,0x0000000cea300000]
Native frames: (J=compiled Java code, j=interpreted, Vv=VM code, C=native code)
V  [jvm.dll+0x676a4a]
V  [jvm.dll+0x7d74f4]
V  [jvm.dll+0x7d8c9e]
V  [jvm.dll+0x7d9303]
V  [jvm.dll+0x2452c5]
V  [jvm.dll+0x6738f9]
V  [jvm.dll+0x668232]
V  [jvm.dll+0x302826]
V  [jvm.dll+0x309da6]
V  [jvm.dll+0x35952e]
V  [jvm.dll+0x35975f]
V  [jvm.dll+0x2d9a38]
V  [jvm.dll+0x2da9a4]
V  [jvm.dll+0x7a8fb1]
V  [jvm.dll+0x3670e1]
V  [jvm.dll+0x788359]
V  [jvm.dll+0x3ea5ef]
V  [jvm.dll+0x3ec071]
C  [jli.dll+0x5297]
C  [ucrtbase.dll+0x21bb2]
C  [KERNEL32.DLL+0x17344]
C  [ntdll.dll+0x526b1]


---------------  P R O C E S S  ---------------

Threads class SMR info:
_java_thread_list=0x00007ff959554998, length=0, elements={
}

Java Threads: ( => current thread )

Other Threads:
  0x0000018b2ad02f10 GCTaskThread "GC Thread#0" [stack: 0x0000000cea300000,0x0000000cea400000] [id=14460]
  0x0000018b2ad13c20 ConcurrentGCThread "G1 Main Marker" [stack: 0x0000000cea400000,0x0000000cea500000] [id=13800]
  0x0000018b2ad14630 ConcurrentGCThread "G1 Conc#0" [stack: 0x0000000cea500000,0x0000000cea600000] [id=3880]

[error occurred during error reporting (printing all threads), id 0xc0000005, EXCEPTION_ACCESS_VIOLATION (0xc0000005) at pc=0x00007ff958d8a697]

VM state: not at safepoint (not fully initialized)

VM Mutex/Monitor currently owned by a thread:  ([mutex/lock_event])
[0x0000018b2ac93940] Heap_lock - owner thread: 0x0000018b2ac97d60

Heap address: 0x0000000702200000, size: 4062 MB, Compressed Oops mode: Zero based, Oop shift amount: 3

CDS archive(s) mapped at: [0x0000000000000000-0x0000000000000000-0x0000000000000000), size 0, SharedBaseAddress: 0x0000000800000000, ArchiveRelocationMode: 0.
Narrow klass base: 0x0000000000000000, Narrow klass shift: 0, Narrow klass range: 0x0

GC Precious Log:
<Empty>

Heap:
 garbage-first heap   total 0K, used 0K [0x0000000702200000, 0x0000000800000000)
  region size 2048K, 0 young (0K), 0 survivors (0K)

[error occurred during error reporting (printing heap information), id 0xc0000005, EXCEPTION_ACCESS_VIOLATION (0xc0000005) at pc=0x00007ff9591700b9]

GC Heap History (0 events):
No events

Deoptimization events (0 events):
No events

Classes unloaded (0 events):
No events

Classes redefined (0 events):
No events

Internal exceptions (0 events):
No events

VM Operations (0 events):
No events

Events (1 events):
Event: 0.028 Loaded shared library C:\Program Files\Java\jdk-17\bin\java.dll


Dynamic libraries:
0x00007ff738ee0000 - 0x00007ff738ef0000 	C:\Program Files\Java\jdk-17\bin\java.exe
0x00007ff9bb010000 - 0x00007ff9bb208000 	C:\Windows\SYSTEM32\ntdll.dll
0x00007ff9ba220000 - 0x00007ff9ba2dd000 	C:\Windows\System32\KERNEL32.DLL
0x00007ff9b8d70000 - 0x00007ff9b9066000 	C:\Windows\System32\KERNELBASE.dll
0x00007ff9b8830000 - 0x00007ff9b8930000 	C:\Windows\System32\ucrtbase.dll
0x00007ff9a19f0000 - 0x00007ff9a1a09000 	C:\Program Files\Java\jdk-17\bin\jli.dll
0x00007ff9a19d0000 - 0x00007ff9a19eb000 	C:\Program Files\Java\jdk-17\bin\VCRUNTIME140.dll
0x00007ff9b9960000 - 0x00007ff9b9a0e000 	C:\Windows\System32\ADVAPI32.dll
0x00007ff9ba410000 - 0x00007ff9ba4ae000 	C:\Windows\System32\msvcrt.dll
0x00007ff9b9070000 - 0x00007ff9b910c000 	C:\Windows\System32\sechost.dll
0x00007ff9b94d0000 - 0x00007ff9b95f6000 	C:\Windows\System32\RPCRT4.dll
0x00007ff9b9110000 - 0x00007ff9b92ae000 	C:\Windows\System32\USER32.dll
0x00007ff9b8800000 - 0x00007ff9b8822000 	C:\Windows\System32\win32u.dll
0x00007ff9b9a10000 - 0x00007ff9b9a3c000 	C:\Windows\System32\GDI32.dll
0x00007ff9b8b70000 - 0x00007ff9b8c8a000 	C:\Windows\System32\gdi32full.dll
0x00007ff9b8760000 - 0x00007ff9b87fd000 	C:\Windows\System32\msvcp_win.dll
0x00007ff9a0440000 - 0x00007ff9a06da000 	C:\Windows\WinSxS\amd64_microsoft.windows.common-controls_6595b64144ccf1df_6.0.19041.1110_none_60b5254171f9507e\COMCTL32.dll
0x00007ff9b1a10000 - 0x00007ff9b1a1a000 	C:\Windows\SYSTEM32\VERSION.dll
0x00007ff9b94a0000 - 0x00007ff9b94d0000 	C:\Windows\System32\IMM32.DLL
0x00007ff9b1710000 - 0x00007ff9b171c000 	C:\Program Files\Java\jdk-17\bin\vcruntime140_1.dll
0x00007ff99c720000 - 0x00007ff99c7ae000 	C:\Program Files\Java\jdk-17\bin\msvcp140.dll
0x00007ff958aa0000 - 0x00007ff95967d000 	C:\Program Files\Java\jdk-17\bin\server\jvm.dll
0x00007ff9ba930000 - 0x00007ff9ba938000 	C:\Windows\System32\PSAPI.DLL
0x00007ff9b2610000 - 0x00007ff9b2619000 	C:\Windows\SYSTEM32\WSOCK32.dll
0x00007ff9b9430000 - 0x00007ff9b949b000 	C:\Windows\System32\WS2_32.dll
0x00007ff9a2030000 - 0x00007ff9a2057000 	C:\Windows\SYSTEM32\WINMM.dll
0x00007ff9b6eb0000 - 0x00007ff9b6ec2000 	C:\Windows\SYSTEM32\kernel.appcore.dll
0x00007ff9a7c10000 - 0x00007ff9a7c1a000 	C:\Program Files\Java\jdk-17\bin\jimage.dll
0x00007ff9b6400000 - 0x00007ff9b65e4000 	C:\Windows\SYSTEM32\DBGHELP.DLL
0x00007ff9a6ad0000 - 0x00007ff9a6b04000 	C:\Windows\SYSTEM32\dbgcore.DLL
0x00007ff9b8ae0000 - 0x00007ff9b8b62000 	C:\Windows\System32\bcryptPrimitives.dll
0x00007ff9a1050000 - 0x00007ff9a105e000 	C:\Program Files\Java\jdk-17\bin\instrument.dll
0x00007ff99c5f0000 - 0x00007ff99c615000 	C:\Program Files\Java\jdk-17\bin\java.dll

dbghelp: loaded successfully - version: 4.0.5 - missing functions: none
symbol engine: initialized successfully - sym options: 0x614 - pdb path: .;C:\Program Files\Java\jdk-17\bin;C:\Windows\SYSTEM32;C:\Windows\WinSxS\amd64_microsoft.windows.common-controls_6595b64144ccf1df_6.0.19041.1110_none_60b5254171f9507e;C:\Program Files\Java\jdk-17\bin\server

VM Arguments:
jvm_args: -XX:TieredStopAtLevel=1 -Xverify:none -Dspring.output.ansi.enabled=always -javaagent:C:\Program Files\JetBrains\IntelliJ IDEA 2020.3.4\lib\idea_rt.jar=51907:C:\Program Files\JetBrains\IntelliJ IDEA 2020.3.4\bin -Dcom.sun.management.jmxremote -Dspring.jmx.enabled=true -Dspring.liveBeansView.mbeanDomain -Dspring.application.admin.enabled=true -Dfile.encoding=UTF-8 
java_command: com.example.books_service.BooksServiceApplication
java_class_path (initial): D:\DuAnBanSach_TASC\back-end\books-service\target\classes;C:\Users\Admin BVCN88 02\.m2\repository\org\springframework\boot\spring-boot-starter-actuator\3.3.5\spring-boot-starter-actuator-3.3.5.jar;C:\Users\Admin BVCN88 02\.m2\repository\org\springframework\boot\spring-boot-starter\3.3.5\spring-boot-starter-3.3.5.jar;C:\Users\Admin BVCN88 02\.m2\repository\org\springframework\boot\spring-boot-starter-logging\3.3.5\spring-boot-starter-logging-3.3.5.jar;C:\Users\Admin BVCN88 02\.m2\repository\ch\qos\logback\logback-classic\1.5.11\logback-classic-1.5.11.jar;C:\Users\Admin BVCN88 02\.m2\repository\ch\qos\logback\logback-core\1.5.11\logback-core-1.5.11.jar;C:\Users\Admin BVCN88 02\.m2\repository\org\apache\logging\log4j\log4j-to-slf4j\2.23.1\log4j-to-slf4j-2.23.1.jar;C:\Users\Admin BVCN88 02\.m2\repository\org\apache\logging\log4j\log4j-api\2.23.1\log4j-api-2.23.1.jar;C:\Users\Admin BVCN88 02\.m2\repository\org\slf4j\jul-to-slf4j\2.0.16\jul-to-slf4j-2.0.16.jar;C:\Users\Admin BVCN88 02\.m2\repository\jakarta\annotation\jakarta.annotation-api\2.1.1\jakarta.annotation-api-2.1.1.jar;C:\Users\Admin BVCN88 02\.m2\repository\org\yaml\snakeyaml\2.2\snakeyaml-2.2.jar;C:\Users\Admin BVCN88 02\.m2\repository\org\springframework\boot\spring-boot-actuator-autoconfigure\3.3.5\spring-boot-actuator-autoconfigure-3.3.5.jar;C:\Users\Admin BVCN88 02\.m2\repository\org\springframework\boot\spring-boot-actuator\3.3.5\spring-boot-actuator-3.3.5.jar;C:\Users\Admin BVCN88 02\.m2\repository\com\fasterxml\jackson\datatype\jackson-datatype-jsr310\2.17.2\jackson-datatype-jsr310-2.17.2.jar;C:\Users\Admin BVCN88 02\.m2\repository\io\micrometer\micrometer-observation\1.13.6\micrometer-observation-1.13.6.jar;C:\Users\Admin BVCN88 02\.m2\repository\io\micrometer\micrometer-commons\1.13.6\micrometer-commons-1.13.6.jar;C:\Users\Admin BVCN88 02\.m2\repository\io\micrometer\micrometer-jakarta9\1.13.6\micrometer-jakarta9-1.13.6.jar;C:\Users\Admin BVCN88 02\.m2\repository\io\microm
Launcher Type: SUN_STANDARD

[Global flags]
     intx CICompilerCount                          = 3                                         {product} {ergonomic}
     uint ConcGCThreads                            = 1                                         {product} {ergonomic}
     uint G1ConcRefinementThreads                  = 4                                         {product} {ergonomic}
   size_t G1HeapRegionSize                         = 2097152                                   {product} {ergonomic}
    uintx GCDrainStackTargetSize                   = 64                                        {product} {ergonomic}
   size_t InitialHeapSize                          = 266338304                                 {product} {ergonomic}
     bool ManagementServer                         = true                                      {product} {command line}
   size_t MarkStackSize                            = 4194304                                   {product} {ergonomic}
   size_t MaxHeapSize                              = 4259315712                                {product} {ergonomic}
   size_t MinHeapDeltaBytes                        = 2097152                                   {product} {ergonomic}
   size_t MinHeapSize                              = 8388608                                   {product} {ergonomic}
    uintx NonProfiledCodeHeapSize                  = 0                                      {pd product} {ergonomic}
     bool ProfileInterpreter                       = false                                  {pd product} {command line}
    uintx ProfiledCodeHeapSize                     = 0                                      {pd product} {ergonomic}
   size_t SoftMaxHeapSize                          = 4259315712                             {manageable} {ergonomic}
     intx TieredStopAtLevel                        = 1                                         {product} {command line}
     bool UseCompressedClassPointers               = true                           {product lp64_product} {ergonomic}
     bool UseCompressedOops                        = true                           {product lp64_product} {ergonomic}
     bool UseG1GC                                  = true                                      {product} {ergonomic}
     bool UseLargePagesIndividualAllocation        = false                                  {pd product} {ergonomic}

Logging:
Log output configuration:
 #0: stdout all=warning uptime,level,tags
 #1: stderr all=off uptime,level,tags

Environment Variables:
PATH=C:\Program Files\Common Files\Oracle\Java\javapath;C:\Windows\system32;C:\Windows;C:\Windows\System32\Wbem;C:\Windows\System32\WindowsPowerShell\v1.0\;C:\Windows\System32\OpenSSH\;C:\Program Files (x86)\Intel\Intel(R) Management Engine Components\DAL;C:\Program Files\Intel\Intel(R) Management Engine Components\DAL;C:\Program Files (x86)\Microsoft SQL Server\160\Tools\Binn\;C:\Program Files\Microsoft SQL Server\160\Tools\Binn\;C:\Program Files\Microsoft SQL Server\Client SDK\ODBC\170\Tools\Binn\;C:\Program Files\Microsoft SQL Server\160\DTS\Binn\;C:\Program Files (x86)\Microsoft SQL Server\160\DTS\Binn\;C:\Program Files\Azure Data Studio\bin;C:\Program Files\Git\cmd;C:\ProgramData\chocolatey\bin;C:\Program Files\dotnet\;C:\Program Files\Docker\Docker\resources\bin;C:\Users\Admin BVCN88 02\AppData\Roaming\nvm;C:\Program Files\nodejs;C:\Users\Admin BVCN88 02\Downloads\apache-maven-3.8.8\bin\;C:\Users\Admin BVCN88 02\AppData\Local\Microsoft\WindowsApps;C:\Program Files\JetBrains\IntelliJ IDEA Community Edition 2023.1.2\bin;;C:\Program Files\Azure Data Studio\bin;D:\Microsoft VS Code\bin;C:\Users\Admin BVCN88 02\AppData\Roaming\npm;C:\Users\Admin BVCN88 02\AppData\Roaming\nvm;C:\Program Files\nodejs;C:\Users\Admin BVCN88 02\AppData\Local\Programs\Microsoft VS Code\bin
USERNAME=Admin BVCN88 02
OS=Windows_NT
PROCESSOR_IDENTIFIER=Intel64 Family 6 Model 142 Stepping 9, GenuineIntel



---------------  S Y S T E M  ---------------

OS:
 Windows 10 , 64 bit Build 19041 (10.0.19041.3393)
OS uptime: 4 days 9:15 hours
Hyper-V role detected

CPU: total 4 (initial active 4) (2 cores per cpu, 2 threads per core) family 6 model 142 stepping 9 microcode 0xb4, cx8, cmov, fxsr, ht, mmx, 3dnowpref, sse, sse2, sse3, ssse3, sse4.1, sse4.2, popcnt, lzcnt, tsc, tscinvbit, avx, avx2, aes, erms, clmul, bmi1, bmi2, adx, fma, vzeroupper, clflush, clflushopt, hv

Memory: 4k page, system-wide physical 16246M (2447M free)
TotalPageFile size 18294M (AvailPageFile size 252M)
current process WorkingSet (physical memory assigned to process): 10M, peak: 10M
current process commit charge ("private bytes"): 47M, peak: 300M

vm_info: Java HotSpot(TM) 64-Bit Server VM (17.0.7+8-LTS-224) for windows-amd64 JRE (17.0.7+8-LTS-224), built on Feb 28 2023 23:03:02 by "mach5one" with MS VC++ 17.1 (VS2022)

END.
